Wed May 16 2018 20:55:51 GMT-0700 (PDT): GET /
Wed May 16 2018 21:50:43 GMT-0700 (PDT): GET /
Thu May 17 2018 00:08:59 GMT-0700 (PDT): GET /
Thu May 17 2018 00:32:32 GMT-0700 (PDT): POST /action
Thu May 17 2018 00:39:40 GMT-0700 (PDT): POST /action
Thu May 17 2018 00:40:09 GMT-0700 (PDT): POST /action
Thu May 17 2018 00:41:07 GMT-0700 (PDT): POST /action
Thu May 17 2018 00:41:17 GMT-0700 (PDT): POST /action
Thu May 17 2018 00:41:24 GMT-0700 (PDT): POST /action
Thu May 17 2018 00:42:41 GMT-0700 (PDT): GET /
Thu May 17 2018 00:42:41 GMT-0700 (PDT): GET /action
Thu May 17 2018 00:43:51 GMT-0700 (PDT): GET /
Thu May 17 2018 00:43:51 GMT-0700 (PDT): GET /action
Thu May 17 2018 00:45:11 GMT-0700 (PDT): GET /
Thu May 17 2018 00:45:11 GMT-0700 (PDT): GET /query
Thu May 17 2018 00:45:11 GMT-0700 (PDT): GET /action
Thu May 17 2018 00:45:22 GMT-0700 (PDT): GET /
Thu May 17 2018 00:45:22 GMT-0700 (PDT): GET /query
Thu May 17 2018 00:45:22 GMT-0700 (PDT): GET /action
Thu May 17 2018 00:49:32 GMT-0700 (PDT): GET /
Thu May 17 2018 00:49:42 GMT-0700 (PDT): GET /
Thu May 17 2018 00:51:09 GMT-0700 (PDT): GET /
Thu May 17 2018 00:51:11 GMT-0700 (PDT): GET /
Thu May 17 2018 00:57:26 GMT-0700 (PDT): GET /
Thu May 17 2018 00:57:32 GMT-0700 (PDT): GET /
Thu May 17 2018 01:13:15 GMT-0700 (PDT): GET /
Thu May 17 2018 01:29:06 GMT-0700 (PDT): GET /
Thu May 17 2018 15:29:26 GMT-0700 (PDT): POST /users
Thu May 17 2018 15:41:32 GMT-0700 (PDT): POST /users
Thu May 17 2018 15:42:01 GMT-0700 (PDT): POST /users
Thu May 17 2018 15:42:21 GMT-0700 (PDT): POST /users
Thu May 17 2018 15:46:04 GMT-0700 (PDT): POST /users
Thu May 17 2018 15:50:36 GMT-0700 (PDT): POST /users
Thu May 17 2018 15:51:51 GMT-0700 (PDT): POST /users
Thu May 17 2018 15:52:23 GMT-0700 (PDT): POST /users
Thu May 17 2018 15:53:26 GMT-0700 (PDT): POST /users
Thu May 17 2018 15:58:53 GMT-0700 (PDT): POST /users
Thu May 17 2018 16:03:59 GMT-0700 (PDT): POST /users
Thu May 17 2018 16:04:30 GMT-0700 (PDT): POST /users
Thu May 17 2018 16:04:40 GMT-0700 (PDT): POST /users
Thu May 17 2018 19:18:01 GMT-0700 (PDT): POST /users
Thu May 17 2018 19:21:38 GMT-0700 (PDT): POST /users
Thu May 17 2018 19:23:54 GMT-0700 (PDT): POST /users
Thu May 17 2018 19:26:51 GMT-0700 (PDT): POST /users
Thu May 17 2018 19:33:49 GMT-0700 (PDT): POST /users
Thu May 17 2018 19:39:24 GMT-0700 (PDT): POST /users
Thu May 17 2018 19:40:50 GMT-0700 (PDT): POST /users
Thu May 17 2018 19:43:55 GMT-0700 (PDT): POST /users
Thu May 17 2018 19:52:44 GMT-0700 (PDT): POST /users
Thu May 17 2018 19:54:03 GMT-0700 (PDT): POST /users
Thu May 17 2018 20:33:54 GMT-0700 (PDT): POST /users
Thu May 17 2018 20:35:35 GMT-0700 (PDT): GET /users/me
Thu May 17 2018 20:37:22 GMT-0700 (PDT): POST /users
Thu May 17 2018 20:37:27 GMT-0700 (PDT): POST /users
Thu May 17 2018 20:54:50 GMT-0700 (PDT): GET /users/me
Thu May 17 2018 21:22:49 GMT-0700 (PDT): POST /users
Thu May 17 2018 21:23:10 GMT-0700 (PDT): GET /users/me
Thu May 17 2018 21:42:18 GMT-0700 (PDT): POST /users
Thu May 17 2018 21:58:12 GMT-0700 (PDT): GET /messages/123
Thu May 17 2018 22:18:44 GMT-0700 (PDT): POST /messages
Thu May 17 2018 22:21:21 GMT-0700 (PDT): POST /messages
Thu May 17 2018 22:22:10 GMT-0700 (PDT): POST /messages
Thu May 17 2018 22:25:13 GMT-0700 (PDT): GET /messages/?id=5afe6302d0e28c7e3019575f
Thu May 17 2018 22:25:28 GMT-0700 (PDT): GET /messages/5afe6302d0e28c7e3019575f
Thu May 17 2018 23:14:28 GMT-0700 (PDT): GET /
Thu May 17 2018 23:14:28 GMT-0700 (PDT): POST /messages
Thu May 17 2018 23:15:04 GMT-0700 (PDT): GET /
Thu May 17 2018 23:15:04 GMT-0700 (PDT): POST /messages
Thu May 17 2018 23:15:37 GMT-0700 (PDT): GET /
Thu May 17 2018 23:15:38 GMT-0700 (PDT): POST /messages
Thu May 17 2018 23:16:13 GMT-0700 (PDT): GET /
Thu May 17 2018 23:16:13 GMT-0700 (PDT): POST /messages
Thu May 17 2018 23:50:19 GMT-0700 (PDT): GET /messages/5afe6302d0e28c7e3019575f
Thu May 17 2018 23:50:53 GMT-0700 (PDT): GET /messages/5afe6302d0e28c7e3019575f
Thu May 17 2018 23:51:11 GMT-0700 (PDT): GET /messages/5afe6fad4e027a00f55b95b4
Fri May 18 2018 15:26:12 GMT-0700 (PDT): GET /messages
Fri May 18 2018 15:27:26 GMT-0700 (PDT): GET /users/me
Fri May 18 2018 15:27:43 GMT-0700 (PDT): GET /users/me
Fri May 18 2018 15:28:01 GMT-0700 (PDT): GET /messages
Fri May 18 2018 15:30:01 GMT-0700 (PDT): POST /users
Fri May 18 2018 15:30:08 GMT-0700 (PDT): POST /users
Fri May 18 2018 15:36:46 GMT-0700 (PDT): GET /
Fri May 18 2018 15:36:46 GMT-0700 (PDT): POST /messages
Fri May 18 2018 15:36:46 GMT-0700 (PDT): GET /messages
Fri May 18 2018 15:42:46 GMT-0700 (PDT): GET /
Fri May 18 2018 15:42:46 GMT-0700 (PDT): POST /messages
Fri May 18 2018 15:42:46 GMT-0700 (PDT): POST /messages
Fri May 18 2018 15:42:46 GMT-0700 (PDT): GET /messages
Fri May 18 2018 15:44:33 GMT-0700 (PDT): GET /
Fri May 18 2018 15:44:33 GMT-0700 (PDT): POST /messages
Fri May 18 2018 15:44:33 GMT-0700 (PDT): POST /messages
Fri May 18 2018 15:44:33 GMT-0700 (PDT): GET /messages
Fri May 18 2018 15:45:44 GMT-0700 (PDT): GET /
Fri May 18 2018 15:45:44 GMT-0700 (PDT): POST /messages
Fri May 18 2018 15:45:44 GMT-0700 (PDT): POST /messages
Fri May 18 2018 15:45:44 GMT-0700 (PDT): GET /messages
Fri May 18 2018 16:01:36 GMT-0700 (PDT): GET /
Fri May 18 2018 16:01:36 GMT-0700 (PDT): POST /messages
Fri May 18 2018 16:01:37 GMT-0700 (PDT): POST /messages
Fri May 18 2018 16:01:37 GMT-0700 (PDT): GET /messages
Fri May 18 2018 16:01:37 GMT-0700 (PDT): GET /messages/5aff5b502680ab76117f47f1
Fri May 18 2018 16:02:04 GMT-0700 (PDT): GET /
Fri May 18 2018 16:02:04 GMT-0700 (PDT): POST /messages
Fri May 18 2018 16:02:04 GMT-0700 (PDT): POST /messages
Fri May 18 2018 16:02:04 GMT-0700 (PDT): GET /messages
Fri May 18 2018 16:02:04 GMT-0700 (PDT): GET /messages/5aff5b6cb36fd8762ec7fac1
Fri May 18 2018 16:04:55 GMT-0700 (PDT): GET /
Fri May 18 2018 16:04:55 GMT-0700 (PDT): POST /messages
Fri May 18 2018 16:04:55 GMT-0700 (PDT): POST /messages
Fri May 18 2018 16:04:56 GMT-0700 (PDT): GET /messages
Fri May 18 2018 16:04:56 GMT-0700 (PDT): GET /messages/5aff5c1777a36876aa5432ac
Fri May 18 2018 16:05:43 GMT-0700 (PDT): GET /
Fri May 18 2018 16:05:43 GMT-0700 (PDT): POST /messages
Fri May 18 2018 16:05:43 GMT-0700 (PDT): POST /messages
Fri May 18 2018 16:05:43 GMT-0700 (PDT): GET /messages
Fri May 18 2018 16:05:43 GMT-0700 (PDT): GET /messages/5aff5c460e484f76d6318469
Fri May 18 2018 16:05:43 GMT-0700 (PDT): GET /messages/5aff5c470e484f76d6318479
Fri May 18 2018 16:07:06 GMT-0700 (PDT): GET /
Fri May 18 2018 16:07:06 GMT-0700 (PDT): POST /messages
Fri May 18 2018 16:07:06 GMT-0700 (PDT): POST /messages
Fri May 18 2018 16:07:06 GMT-0700 (PDT): GET /messages
Fri May 18 2018 16:07:06 GMT-0700 (PDT): GET /messages/5aff5c9aa50e7b771c889753
Fri May 18 2018 16:07:06 GMT-0700 (PDT): GET /messages/5aff5c9aa50e7b771c889763
Fri May 18 2018 16:08:12 GMT-0700 (PDT): GET /
Fri May 18 2018 16:08:12 GMT-0700 (PDT): POST /messages
Fri May 18 2018 16:08:12 GMT-0700 (PDT): POST /messages
Fri May 18 2018 16:08:12 GMT-0700 (PDT): GET /messages
Fri May 18 2018 16:08:12 GMT-0700 (PDT): GET /messages/5aff5cdb54cba07782dda21c
Fri May 18 2018 16:08:12 GMT-0700 (PDT): GET /messages/5aff5cdc54cba07782dda22c
Fri May 18 2018 16:08:12 GMT-0700 (PDT): GET /messages/123
Fri May 18 2018 16:09:31 GMT-0700 (PDT): GET /
Fri May 18 2018 16:09:31 GMT-0700 (PDT): POST /messages
Fri May 18 2018 16:09:32 GMT-0700 (PDT): POST /messages
Fri May 18 2018 16:09:32 GMT-0700 (PDT): GET /messages
Fri May 18 2018 16:09:32 GMT-0700 (PDT): GET /messages/5aff5d2bf127e977c566fa1f
Fri May 18 2018 16:09:32 GMT-0700 (PDT): GET /messages/5aff5d2cf127e977c566fa2f
Fri May 18 2018 16:09:32 GMT-0700 (PDT): GET /messages/12345
Fri May 18 2018 17:21:04 GMT-0700 (PDT): GET /
Fri May 18 2018 17:21:04 GMT-0700 (PDT): POST /messages
Fri May 18 2018 17:21:04 GMT-0700 (PDT): POST /messages
Fri May 18 2018 17:21:04 GMT-0700 (PDT): GET /messages
Fri May 18 2018 17:21:04 GMT-0700 (PDT): GET /messages/5aff6deffdb88d86c1e76eeb
Fri May 18 2018 17:21:04 GMT-0700 (PDT): GET /messages/5aff6df0fdb88d86c1e76efb
Fri May 18 2018 17:21:04 GMT-0700 (PDT): GET /messages/12345
Fri May 18 2018 17:25:45 GMT-0700 (PDT): GET /
Fri May 18 2018 17:25:45 GMT-0700 (PDT): POST /messages
Fri May 18 2018 17:25:45 GMT-0700 (PDT): POST /messages
Fri May 18 2018 17:25:46 GMT-0700 (PDT): GET /messages
Fri May 18 2018 17:25:46 GMT-0700 (PDT): GET /messages/5aff6f095f946887ad9e5bd6
Fri May 18 2018 17:25:46 GMT-0700 (PDT): GET /messages/5aff6f0a5f946887ad9e5be6
Fri May 18 2018 17:25:46 GMT-0700 (PDT): GET /messages/12345
Fri May 18 2018 18:17:59 GMT-0700 (PDT): GET /
Fri May 18 2018 18:18:00 GMT-0700 (PDT): POST /messages
Fri May 18 2018 18:18:00 GMT-0700 (PDT): POST /messages
Fri May 18 2018 18:18:00 GMT-0700 (PDT): GET /messages
Fri May 18 2018 18:18:01 GMT-0700 (PDT): GET /messages/5aff7b4726e5759195fba792
Fri May 18 2018 18:18:01 GMT-0700 (PDT): GET /messages/5aff7b4926e5759195fba7b4
Fri May 18 2018 18:18:01 GMT-0700 (PDT): GET /messages/12345
Fri May 18 2018 18:24:51 GMT-0700 (PDT): GET /
Fri May 18 2018 18:24:51 GMT-0700 (PDT): POST /messages
Fri May 18 2018 18:24:52 GMT-0700 (PDT): POST /messages
Fri May 18 2018 18:24:52 GMT-0700 (PDT): GET /messages
Fri May 18 2018 18:24:52 GMT-0700 (PDT): GET /messages/5aff7ce2288413930063bb13
Fri May 18 2018 18:24:52 GMT-0700 (PDT): GET /messages/5aff7ce4288413930063bb35
Fri May 18 2018 18:24:53 GMT-0700 (PDT): GET /messages/12345
Fri May 18 2018 18:24:53 GMT-0700 (PDT): GET /users/me
Fri May 18 2018 18:26:58 GMT-0700 (PDT): GET /
Fri May 18 2018 18:26:58 GMT-0700 (PDT): POST /messages
Fri May 18 2018 18:26:58 GMT-0700 (PDT): POST /messages
Fri May 18 2018 18:26:59 GMT-0700 (PDT): GET /messages
Fri May 18 2018 18:26:59 GMT-0700 (PDT): GET /messages/5aff7d61f87423936ccaf586
Fri May 18 2018 18:26:59 GMT-0700 (PDT): GET /messages/5aff7d63f87423936ccaf5a8
Fri May 18 2018 18:26:59 GMT-0700 (PDT): GET /messages/12345
Fri May 18 2018 18:27:00 GMT-0700 (PDT): GET /users/me
Fri May 18 2018 18:27:52 GMT-0700 (PDT): GET /
Fri May 18 2018 18:27:52 GMT-0700 (PDT): POST /messages
Fri May 18 2018 18:27:53 GMT-0700 (PDT): POST /messages
Fri May 18 2018 18:27:53 GMT-0700 (PDT): GET /messages
Fri May 18 2018 18:27:53 GMT-0700 (PDT): GET /messages/5aff7d97bd6d6793cb0a4437
Fri May 18 2018 18:27:53 GMT-0700 (PDT): GET /messages/5aff7d99bd6d6793cb0a4459
Fri May 18 2018 18:27:54 GMT-0700 (PDT): GET /messages/12345
Fri May 18 2018 18:27:54 GMT-0700 (PDT): GET /users/me
Fri May 18 2018 18:28:04 GMT-0700 (PDT): GET /
Fri May 18 2018 18:28:04 GMT-0700 (PDT): POST /messages
Fri May 18 2018 18:28:04 GMT-0700 (PDT): POST /messages
Fri May 18 2018 18:28:04 GMT-0700 (PDT): GET /messages
Fri May 18 2018 18:28:05 GMT-0700 (PDT): GET /messages/5aff7da3f5cc8593edbbc77c
Fri May 18 2018 18:28:05 GMT-0700 (PDT): GET /messages/5aff7da5f5cc8593edbbc79e
Fri May 18 2018 18:28:05 GMT-0700 (PDT): GET /messages/12345
Fri May 18 2018 18:28:05 GMT-0700 (PDT): GET /users/me
Fri May 18 2018 18:28:06 GMT-0700 (PDT): GET /user/me
Fri May 18 2018 18:28:33 GMT-0700 (PDT): GET /
Fri May 18 2018 18:28:33 GMT-0700 (PDT): POST /messages
Fri May 18 2018 18:28:33 GMT-0700 (PDT): POST /messages
Fri May 18 2018 18:28:34 GMT-0700 (PDT): GET /messages
Fri May 18 2018 18:28:34 GMT-0700 (PDT): GET /messages/5aff7dc0239e2694158f6425
Fri May 18 2018 18:28:34 GMT-0700 (PDT): GET /messages/5aff7dc2239e2694158f6447
Fri May 18 2018 18:28:34 GMT-0700 (PDT): GET /messages/12345
Fri May 18 2018 18:28:35 GMT-0700 (PDT): GET /users/me
Fri May 18 2018 18:28:35 GMT-0700 (PDT): GET /user/me
Fri May 18 2018 18:29:26 GMT-0700 (PDT): GET /
Fri May 18 2018 18:29:26 GMT-0700 (PDT): POST /messages
Fri May 18 2018 18:29:26 GMT-0700 (PDT): POST /messages
Fri May 18 2018 18:29:26 GMT-0700 (PDT): GET /messages
Fri May 18 2018 18:29:27 GMT-0700 (PDT): GET /messages/5aff7df5f43c3a944f65e8ad
Fri May 18 2018 18:29:27 GMT-0700 (PDT): GET /messages/5aff7df7f43c3a944f65e8cf
Fri May 18 2018 18:29:27 GMT-0700 (PDT): GET /messages/12345
Fri May 18 2018 18:29:27 GMT-0700 (PDT): GET /users/me
Fri May 18 2018 18:29:28 GMT-0700 (PDT): GET /user/me
Fri May 18 2018 18:29:44 GMT-0700 (PDT): GET /
Fri May 18 2018 18:29:44 GMT-0700 (PDT): POST /messages
Fri May 18 2018 18:29:44 GMT-0700 (PDT): POST /messages
Fri May 18 2018 18:29:45 GMT-0700 (PDT): GET /messages
Fri May 18 2018 18:29:45 GMT-0700 (PDT): GET /messages/5aff7e07949901946f7a1005
Fri May 18 2018 18:29:45 GMT-0700 (PDT): GET /messages/5aff7e09949901946f7a1027
Fri May 18 2018 18:29:45 GMT-0700 (PDT): GET /messages/12345
Fri May 18 2018 18:29:46 GMT-0700 (PDT): GET /users/me
Fri May 18 2018 18:29:46 GMT-0700 (PDT): GET /users/me
Fri May 18 2018 18:29:54 GMT-0700 (PDT): GET /
Fri May 18 2018 18:29:55 GMT-0700 (PDT): POST /messages
Fri May 18 2018 18:29:55 GMT-0700 (PDT): POST /messages
Fri May 18 2018 18:29:55 GMT-0700 (PDT): GET /messages
Fri May 18 2018 18:29:55 GMT-0700 (PDT): GET /messages/5aff7e1201e0fd9490a7936e
Fri May 18 2018 18:29:56 GMT-0700 (PDT): GET /messages/5aff7e1401e0fd9490a79390
Fri May 18 2018 18:29:56 GMT-0700 (PDT): GET /messages/12345
Fri May 18 2018 18:29:56 GMT-0700 (PDT): GET /users/me
Fri May 18 2018 18:29:56 GMT-0700 (PDT): GET /users/me
Fri May 18 2018 18:35:13 GMT-0700 (PDT): GET /
Fri May 18 2018 18:35:13 GMT-0700 (PDT): POST /messages
Fri May 18 2018 18:35:14 GMT-0700 (PDT): POST /messages
Fri May 18 2018 18:35:14 GMT-0700 (PDT): GET /messages
Fri May 18 2018 18:35:14 GMT-0700 (PDT): GET /messages/5aff7f503a0cfe957d937e7e
Fri May 18 2018 18:35:14 GMT-0700 (PDT): GET /messages/5aff7f523a0cfe957d937ea0
Fri May 18 2018 18:35:15 GMT-0700 (PDT): GET /messages/12345
Fri May 18 2018 18:35:15 GMT-0700 (PDT): GET /users/me
Fri May 18 2018 18:35:15 GMT-0700 (PDT): GET /users/me
Fri May 18 2018 18:35:15 GMT-0700 (PDT): POST /users
Fri May 18 2018 18:36:20 GMT-0700 (PDT): GET /
Fri May 18 2018 18:36:21 GMT-0700 (PDT): POST /messages
Fri May 18 2018 18:36:21 GMT-0700 (PDT): POST /messages
Fri May 18 2018 18:36:21 GMT-0700 (PDT): GET /messages
Fri May 18 2018 18:36:21 GMT-0700 (PDT): GET /messages/5aff7f94513ddd95bd28e23a
Fri May 18 2018 18:36:22 GMT-0700 (PDT): GET /messages/5aff7f96513ddd95bd28e25c
Fri May 18 2018 18:36:22 GMT-0700 (PDT): GET /messages/12345
Fri May 18 2018 18:36:22 GMT-0700 (PDT): GET /users/me
Fri May 18 2018 18:36:22 GMT-0700 (PDT): GET /users/me
Fri May 18 2018 18:36:23 GMT-0700 (PDT): POST /users
Fri May 18 2018 18:38:32 GMT-0700 (PDT): GET /
Fri May 18 2018 18:38:33 GMT-0700 (PDT): POST /messages
Fri May 18 2018 18:38:33 GMT-0700 (PDT): POST /messages
Fri May 18 2018 18:38:33 GMT-0700 (PDT): GET /messages
Fri May 18 2018 18:38:33 GMT-0700 (PDT): GET /messages/5aff8018a2299496542457ab
Fri May 18 2018 18:38:34 GMT-0700 (PDT): GET /messages/5aff801aa2299496542457cd
Fri May 18 2018 18:38:34 GMT-0700 (PDT): GET /messages/12345
Fri May 18 2018 18:38:34 GMT-0700 (PDT): GET /users/me
Fri May 18 2018 18:38:34 GMT-0700 (PDT): GET /users/me
Fri May 18 2018 18:38:35 GMT-0700 (PDT): POST /users
Fri May 18 2018 18:43:38 GMT-0700 (PDT): GET /
Fri May 18 2018 18:43:38 GMT-0700 (PDT): POST /messages
Fri May 18 2018 18:43:39 GMT-0700 (PDT): POST /messages
Fri May 18 2018 18:43:39 GMT-0700 (PDT): GET /messages
Fri May 18 2018 18:43:39 GMT-0700 (PDT): GET /messages/5aff814a7449dd97266e8e0e
Fri May 18 2018 18:43:40 GMT-0700 (PDT): GET /messages/5aff814c7449dd97266e8e30
Fri May 18 2018 18:43:40 GMT-0700 (PDT): GET /messages/12345
Fri May 18 2018 18:43:40 GMT-0700 (PDT): GET /users/me
Fri May 18 2018 18:43:40 GMT-0700 (PDT): GET /users/me
Fri May 18 2018 18:43:40 GMT-0700 (PDT): POST /users
Fri May 18 2018 18:44:29 GMT-0700 (PDT): GET /
Fri May 18 2018 18:44:29 GMT-0700 (PDT): POST /messages
Fri May 18 2018 18:44:30 GMT-0700 (PDT): POST /messages
Fri May 18 2018 18:44:30 GMT-0700 (PDT): GET /messages
Fri May 18 2018 18:44:30 GMT-0700 (PDT): GET /messages/5aff817c5b5d2e975d096154
Fri May 18 2018 18:44:30 GMT-0700 (PDT): GET /messages/5aff817e5b5d2e975d096176
Fri May 18 2018 18:44:31 GMT-0700 (PDT): GET /messages/12345
Fri May 18 2018 18:44:31 GMT-0700 (PDT): GET /users/me
Fri May 18 2018 18:44:31 GMT-0700 (PDT): GET /users/me
Fri May 18 2018 18:44:31 GMT-0700 (PDT): POST /users
Fri May 18 2018 18:44:32 GMT-0700 (PDT): POST /users
Fri May 18 2018 18:44:32 GMT-0700 (PDT): POST /users
Fri May 18 2018 18:44:55 GMT-0700 (PDT): GET /
Fri May 18 2018 18:44:55 GMT-0700 (PDT): POST /messages
Fri May 18 2018 18:44:56 GMT-0700 (PDT): POST /messages
Fri May 18 2018 18:44:56 GMT-0700 (PDT): GET /messages
Fri May 18 2018 18:44:56 GMT-0700 (PDT): GET /messages/5aff8196e2978d978576ee3b
Fri May 18 2018 18:44:56 GMT-0700 (PDT): GET /messages/5aff8198e2978d978576ee5d
Fri May 18 2018 18:44:57 GMT-0700 (PDT): GET /messages/12345
Fri May 18 2018 18:44:57 GMT-0700 (PDT): GET /users/me
Fri May 18 2018 18:44:57 GMT-0700 (PDT): GET /users/me
Fri May 18 2018 18:44:58 GMT-0700 (PDT): POST /users
Fri May 18 2018 18:44:58 GMT-0700 (PDT): POST /users
Fri May 18 2018 18:44:58 GMT-0700 (PDT): POST /users
Fri May 18 2018 18:45:15 GMT-0700 (PDT): GET /
Fri May 18 2018 18:45:15 GMT-0700 (PDT): POST /messages
Fri May 18 2018 18:45:15 GMT-0700 (PDT): POST /messages
Fri May 18 2018 18:45:15 GMT-0700 (PDT): GET /messages
Fri May 18 2018 18:45:15 GMT-0700 (PDT): GET /messages/5aff81aa3fc1bb97a475af78
Fri May 18 2018 18:45:16 GMT-0700 (PDT): GET /messages/5aff81ac3fc1bb97a475af9a
Fri May 18 2018 18:45:16 GMT-0700 (PDT): GET /messages/12345
Fri May 18 2018 18:45:16 GMT-0700 (PDT): GET /users/me
Fri May 18 2018 18:45:16 GMT-0700 (PDT): GET /users/me
Fri May 18 2018 18:45:17 GMT-0700 (PDT): POST /users
Fri May 18 2018 18:45:17 GMT-0700 (PDT): POST /users
Fri May 18 2018 18:45:17 GMT-0700 (PDT): POST /users
Fri May 18 2018 18:45:42 GMT-0700 (PDT): GET /
Fri May 18 2018 18:45:42 GMT-0700 (PDT): POST /messages
Fri May 18 2018 18:45:42 GMT-0700 (PDT): POST /messages
Fri May 18 2018 18:45:43 GMT-0700 (PDT): GET /messages
Fri May 18 2018 18:45:43 GMT-0700 (PDT): GET /messages/5aff81c5fe4ed697ce0c59ae
Fri May 18 2018 18:45:43 GMT-0700 (PDT): GET /messages/5aff81c7fe4ed697ce0c59d0
Fri May 18 2018 18:45:43 GMT-0700 (PDT): GET /messages/12345
Fri May 18 2018 18:45:43 GMT-0700 (PDT): GET /users/me
Fri May 18 2018 18:45:44 GMT-0700 (PDT): GET /users/me
Fri May 18 2018 18:45:44 GMT-0700 (PDT): POST /users
Fri May 18 2018 18:45:44 GMT-0700 (PDT): POST /users
Fri May 18 2018 18:45:45 GMT-0700 (PDT): POST /users
Fri May 18 2018 20:03:03 GMT-0700 (PDT): GET /
Fri May 18 2018 20:03:04 GMT-0700 (PDT): POST /messages
Fri May 18 2018 20:03:04 GMT-0700 (PDT): POST /messages
Fri May 18 2018 20:03:04 GMT-0700 (PDT): GET /messages
Fri May 18 2018 20:03:04 GMT-0700 (PDT): GET /messages/5aff93e71f3d96a484b7f99e
Fri May 18 2018 20:03:05 GMT-0700 (PDT): GET /messages/5aff93e91f3d96a484b7f9c0
Fri May 18 2018 20:03:05 GMT-0700 (PDT): GET /messages/12345
Fri May 18 2018 20:03:05 GMT-0700 (PDT): GET /users/me
Fri May 18 2018 20:03:05 GMT-0700 (PDT): GET /users/me
Fri May 18 2018 20:03:06 GMT-0700 (PDT): POST /users
Fri May 18 2018 20:03:06 GMT-0700 (PDT): POST /users
Fri May 18 2018 20:03:06 GMT-0700 (PDT): POST /users
Fri May 18 2018 20:04:06 GMT-0700 (PDT): GET /
Fri May 18 2018 20:04:07 GMT-0700 (PDT): POST /messages
Fri May 18 2018 20:04:07 GMT-0700 (PDT): POST /messages
Fri May 18 2018 20:04:07 GMT-0700 (PDT): GET /messages
Fri May 18 2018 20:04:07 GMT-0700 (PDT): GET /messages/5aff9426fd4523a4c251d67d
Fri May 18 2018 20:04:07 GMT-0700 (PDT): GET /messages/5aff9427fd4523a4c251d69f
Fri May 18 2018 20:04:08 GMT-0700 (PDT): GET /messages/12345
Fri May 18 2018 20:04:08 GMT-0700 (PDT): GET /users/me
Fri May 18 2018 20:04:08 GMT-0700 (PDT): GET /users/me
Fri May 18 2018 20:04:08 GMT-0700 (PDT): POST /users
Fri May 18 2018 20:04:09 GMT-0700 (PDT): POST /users
Fri May 18 2018 20:04:09 GMT-0700 (PDT): POST /users
Fri May 18 2018 20:05:39 GMT-0700 (PDT): GET /
Fri May 18 2018 20:05:39 GMT-0700 (PDT): POST /messages
Fri May 18 2018 20:05:39 GMT-0700 (PDT): POST /messages
Fri May 18 2018 20:05:40 GMT-0700 (PDT): GET /messages
Fri May 18 2018 20:05:40 GMT-0700 (PDT): GET /messages/5aff9482ae4d97a514b70fdb
Fri May 18 2018 20:05:40 GMT-0700 (PDT): GET /messages/5aff9484ae4d97a514b70ffd
Fri May 18 2018 20:05:40 GMT-0700 (PDT): GET /messages/12345
Fri May 18 2018 20:05:41 GMT-0700 (PDT): GET /users/me
Fri May 18 2018 20:05:41 GMT-0700 (PDT): GET /users/me
Fri May 18 2018 20:05:41 GMT-0700 (PDT): POST /users
Fri May 18 2018 20:05:42 GMT-0700 (PDT): POST /users
Fri May 18 2018 20:05:42 GMT-0700 (PDT): POST /users
Fri May 18 2018 20:06:45 GMT-0700 (PDT): GET /
Fri May 18 2018 20:06:45 GMT-0700 (PDT): POST /messages
Fri May 18 2018 20:06:46 GMT-0700 (PDT): POST /messages
Fri May 18 2018 20:06:46 GMT-0700 (PDT): GET /messages
Fri May 18 2018 20:06:46 GMT-0700 (PDT): GET /messages/5aff94c46b8ba8a5548956fd
Fri May 18 2018 20:06:46 GMT-0700 (PDT): GET /messages/5aff94c66b8ba8a55489571f
Fri May 18 2018 20:06:47 GMT-0700 (PDT): GET /messages/12345
Fri May 18 2018 20:06:47 GMT-0700 (PDT): GET /users/me
Fri May 18 2018 20:06:47 GMT-0700 (PDT): GET /users/me
Fri May 18 2018 20:06:47 GMT-0700 (PDT): POST /users
Fri May 18 2018 20:06:48 GMT-0700 (PDT): POST /users
Fri May 18 2018 20:06:48 GMT-0700 (PDT): POST /users
Fri May 18 2018 20:28:31 GMT-0700 (PDT): POST /users/login
Fri May 18 2018 20:52:25 GMT-0700 (PDT): POST /users/login
Fri May 18 2018 20:53:53 GMT-0700 (PDT): POST /users/login
Fri May 18 2018 22:00:15 GMT-0700 (PDT): POST /users/login
Fri May 18 2018 22:00:44 GMT-0700 (PDT): POST /users
Fri May 18 2018 22:00:52 GMT-0700 (PDT): POST /users/login
Fri May 18 2018 22:02:14 GMT-0700 (PDT): GET /users/me
Fri May 18 2018 22:10:07 GMT-0700 (PDT): POST /users
Fri May 18 2018 22:10:38 GMT-0700 (PDT): GET /users/me
Fri May 18 2018 22:10:57 GMT-0700 (PDT): POST /users/login
Fri May 18 2018 22:15:51 GMT-0700 (PDT): POST /users
Fri May 18 2018 22:28:19 GMT-0700 (PDT): GET /
Fri May 18 2018 22:28:19 GMT-0700 (PDT): POST /messages
Fri May 18 2018 22:28:19 GMT-0700 (PDT): POST /messages
Fri May 18 2018 22:28:20 GMT-0700 (PDT): GET /messages
Fri May 18 2018 22:28:20 GMT-0700 (PDT): GET /messages/5affb5f2405f9ebc7e516003
Fri May 18 2018 22:28:20 GMT-0700 (PDT): GET /messages/5affb5f4405f9ebc7e516025
Fri May 18 2018 22:28:20 GMT-0700 (PDT): GET /messages/12345
Fri May 18 2018 22:28:21 GMT-0700 (PDT): GET /users/me
Fri May 18 2018 22:28:21 GMT-0700 (PDT): GET /users/me
Fri May 18 2018 22:28:21 GMT-0700 (PDT): POST /users
Fri May 18 2018 22:28:21 GMT-0700 (PDT): POST /users
Fri May 18 2018 22:28:22 GMT-0700 (PDT): POST /users
Fri May 18 2018 22:28:22 GMT-0700 (PDT): POST /users/login
Fri May 18 2018 22:29:33 GMT-0700 (PDT): GET /
Fri May 18 2018 22:29:34 GMT-0700 (PDT): POST /messages
Fri May 18 2018 22:29:34 GMT-0700 (PDT): POST /messages
Fri May 18 2018 22:29:34 GMT-0700 (PDT): GET /messages
Fri May 18 2018 22:29:34 GMT-0700 (PDT): GET /messages/5affb63d390850bcb44d5041
Fri May 18 2018 22:29:35 GMT-0700 (PDT): GET /messages/5affb63f390850bcb44d5063
Fri May 18 2018 22:29:35 GMT-0700 (PDT): GET /messages/12345
Fri May 18 2018 22:29:35 GMT-0700 (PDT): GET /users/me
Fri May 18 2018 22:29:35 GMT-0700 (PDT): GET /users/me
Fri May 18 2018 22:29:36 GMT-0700 (PDT): POST /users
Fri May 18 2018 22:29:36 GMT-0700 (PDT): POST /users
Fri May 18 2018 22:29:36 GMT-0700 (PDT): POST /users
Fri May 18 2018 22:29:37 GMT-0700 (PDT): POST /users/login
Fri May 18 2018 22:29:37 GMT-0700 (PDT): POST /users/login
Fri May 18 2018 22:29:46 GMT-0700 (PDT): GET /
Fri May 18 2018 22:29:47 GMT-0700 (PDT): POST /messages
Fri May 18 2018 22:29:47 GMT-0700 (PDT): POST /messages
Fri May 18 2018 22:29:47 GMT-0700 (PDT): GET /messages
Fri May 18 2018 22:29:48 GMT-0700 (PDT): GET /messages/5affb64ad2ba62bccf8f6073
Fri May 18 2018 22:29:48 GMT-0700 (PDT): GET /messages/5affb64cd2ba62bccf8f6095
Fri May 18 2018 22:29:48 GMT-0700 (PDT): GET /messages/12345
Fri May 18 2018 22:29:48 GMT-0700 (PDT): GET /users/me
Fri May 18 2018 22:29:49 GMT-0700 (PDT): GET /users/me
Fri May 18 2018 22:29:49 GMT-0700 (PDT): POST /users
Fri May 18 2018 22:29:49 GMT-0700 (PDT): POST /users
Fri May 18 2018 22:29:49 GMT-0700 (PDT): POST /users
Fri May 18 2018 22:29:50 GMT-0700 (PDT): POST /users/login
Fri May 18 2018 22:29:50 GMT-0700 (PDT): POST /users/login
Fri May 18 2018 22:30:03 GMT-0700 (PDT): GET /
Fri May 18 2018 22:30:03 GMT-0700 (PDT): POST /messages
Fri May 18 2018 22:30:03 GMT-0700 (PDT): POST /messages
Fri May 18 2018 22:30:03 GMT-0700 (PDT): GET /messages
Fri May 18 2018 22:30:04 GMT-0700 (PDT): GET /messages/5affb65a62c073bcf08ec22c
Fri May 18 2018 22:30:04 GMT-0700 (PDT): GET /messages/5affb65c62c073bcf08ec24e
Fri May 18 2018 22:30:04 GMT-0700 (PDT): GET /messages/12345
Fri May 18 2018 22:30:04 GMT-0700 (PDT): GET /users/me
Fri May 18 2018 22:30:05 GMT-0700 (PDT): GET /users/me
Fri May 18 2018 22:30:05 GMT-0700 (PDT): POST /users
Fri May 18 2018 22:30:05 GMT-0700 (PDT): POST /users
Fri May 18 2018 22:30:05 GMT-0700 (PDT): POST /users
Fri May 18 2018 22:30:06 GMT-0700 (PDT): POST /users/login
Fri May 18 2018 22:30:06 GMT-0700 (PDT): POST /users/login
Fri May 18 2018 22:30:20 GMT-0700 (PDT): GET /
Fri May 18 2018 22:30:20 GMT-0700 (PDT): POST /messages
Fri May 18 2018 22:30:21 GMT-0700 (PDT): POST /messages
Fri May 18 2018 22:30:21 GMT-0700 (PDT): GET /messages
Fri May 18 2018 22:30:21 GMT-0700 (PDT): GET /messages/5affb66bac9924bd0ea69105
Fri May 18 2018 22:30:21 GMT-0700 (PDT): GET /messages/5affb66dac9924bd0ea69127
Fri May 18 2018 22:30:22 GMT-0700 (PDT): GET /messages/12345
Fri May 18 2018 22:30:22 GMT-0700 (PDT): GET /users/me
Fri May 18 2018 22:30:22 GMT-0700 (PDT): GET /users/me
Fri May 18 2018 22:30:23 GMT-0700 (PDT): POST /users
Fri May 18 2018 22:30:23 GMT-0700 (PDT): POST /users
Fri May 18 2018 22:30:23 GMT-0700 (PDT): POST /users
Fri May 18 2018 22:30:24 GMT-0700 (PDT): POST /users/login
Fri May 18 2018 22:30:24 GMT-0700 (PDT): POST /users/login
Fri May 18 2018 22:32:47 GMT-0700 (PDT): GET /
Fri May 18 2018 22:32:47 GMT-0700 (PDT): POST /messages
Fri May 18 2018 22:32:47 GMT-0700 (PDT): POST /messages
Fri May 18 2018 22:32:48 GMT-0700 (PDT): GET /messages
Fri May 18 2018 22:32:48 GMT-0700 (PDT): GET /messages/5affb6fe7c573dbd6566b9af
Fri May 18 2018 22:32:48 GMT-0700 (PDT): GET /messages/5affb7007c573dbd6566b9d1
Fri May 18 2018 22:32:48 GMT-0700 (PDT): GET /messages/12345
Fri May 18 2018 22:32:49 GMT-0700 (PDT): GET /users/me
Fri May 18 2018 22:32:49 GMT-0700 (PDT): GET /users/me
Fri May 18 2018 22:32:49 GMT-0700 (PDT): POST /users
Fri May 18 2018 22:32:49 GMT-0700 (PDT): POST /users
Fri May 18 2018 22:32:50 GMT-0700 (PDT): POST /users
Fri May 18 2018 22:32:50 GMT-0700 (PDT): POST /users/login
Fri May 18 2018 22:32:50 GMT-0700 (PDT): POST /users/login
Fri May 18 2018 22:33:04 GMT-0700 (PDT): GET /
Fri May 18 2018 22:33:04 GMT-0700 (PDT): POST /messages
Fri May 18 2018 22:33:05 GMT-0700 (PDT): POST /messages
Fri May 18 2018 22:33:05 GMT-0700 (PDT): GET /messages
Fri May 18 2018 22:33:05 GMT-0700 (PDT): GET /messages/5affb70f6a35f4bd8525f6ed
Fri May 18 2018 22:33:05 GMT-0700 (PDT): GET /messages/5affb7116a35f4bd8525f70f
Fri May 18 2018 22:33:05 GMT-0700 (PDT): GET /messages/12345
Fri May 18 2018 22:33:06 GMT-0700 (PDT): GET /users/me
Fri May 18 2018 22:33:06 GMT-0700 (PDT): GET /users/me
Fri May 18 2018 22:33:06 GMT-0700 (PDT): POST /users
Fri May 18 2018 22:33:06 GMT-0700 (PDT): POST /users
Fri May 18 2018 22:33:07 GMT-0700 (PDT): POST /users
Fri May 18 2018 22:33:07 GMT-0700 (PDT): POST /users/login
Fri May 18 2018 22:33:07 GMT-0700 (PDT): POST /users/login
Fri May 18 2018 22:48:49 GMT-0700 (PDT): POST /users
Fri May 18 2018 22:49:52 GMT-0700 (PDT): DELETE /users/me/token
Fri May 18 2018 22:52:33 GMT-0700 (PDT): DELETE /users/me/token
Fri May 18 2018 23:20:03 GMT-0700 (PDT): GET /
Fri May 18 2018 23:20:03 GMT-0700 (PDT): POST /messages
Fri May 18 2018 23:20:03 GMT-0700 (PDT): POST /messages
Fri May 18 2018 23:20:03 GMT-0700 (PDT): GET /messages
Fri May 18 2018 23:20:04 GMT-0700 (PDT): GET /messages/5affc2126ea422c441319842
Fri May 18 2018 23:20:04 GMT-0700 (PDT): GET /messages/5affc2146ea422c441319864
Fri May 18 2018 23:20:04 GMT-0700 (PDT): GET /messages/12345
Fri May 18 2018 23:20:04 GMT-0700 (PDT): GET /users/me
Fri May 18 2018 23:20:05 GMT-0700 (PDT): GET /users/me
Fri May 18 2018 23:20:05 GMT-0700 (PDT): POST /users
Fri May 18 2018 23:20:05 GMT-0700 (PDT): POST /users
Fri May 18 2018 23:20:06 GMT-0700 (PDT): POST /users
Fri May 18 2018 23:20:06 GMT-0700 (PDT): POST /users/login
Fri May 18 2018 23:20:06 GMT-0700 (PDT): POST /users/login
Fri May 18 2018 23:20:07 GMT-0700 (PDT): DELETE /users/me/token
